1.3488 	WARNING 	We strongly recommend you activate the PTB sound engine in PsychoPy prefs as the preferred audio engine. Its timing is vastly superior. Your prefs are currently set to use ['sounddevice', 'PTB', 'pyo', 'pygame'] (in that order).
4.6925 	WARNING 	User requested fullscreen with size [1024  768], but screen is actually [1366, 768]. Using actual size
6.1490 	EXP 	Created window1 = Window(allowGUI=True, allowStencil=False, autoLog=True, backendConf=UNKNOWN, bitsMode=UNKNOWN, blendMode='avg', bpc=(8, 8, 8), color=array([0, 0, 0]), colorSpace='rgb', depthBits=8, fullscr=<method-wrapper '__getattribute__' of attributeSetter object at 0x000002B889C121F0>, gamma=None, gammaErrorPolicy='raise', lms=UNKNOWN, monitor=<psychopy.monitors.calibTools.Monitor object at 0x000002B88ABB46A0>, multiSample=False, name='window1', numSamples=2, pos=(0, 0), screen=0, size=array([1366,  768]), stencilBits=0, stereo=False, units='height', useFBO=True, useRetina=False, viewOri=0.0, viewPos=None, viewScale=None, waitBlanking=True, winType='pyglet')
6.1491 	EXP 	window1: mouseVisible = True
6.1492 	EXP 	window1: mouseVisible = False
6.1492 	EXP 	window1: Attempting to measure frame rate of screen (0) ...
6.1492 	EXP 	window1: recordFrameIntervals = False
6.3151 	EXP 	window1: recordFrameIntervals = True
6.4984 	EXP 	Screen (0) actual frame rate measured at 60.06Hz
6.4984 	EXP 	window1: recordFrameIntervals = False
8.2508 	EXP 	Created polygon = ShapeStim(__class__=<class 'psychopy.visual.shape.ShapeStim'>, anchor=('center', 'center'), autoDraw=False, autoLog=True, closeShape=True, color=method-wrapper(...), colorSpace='rgb', contrast=None, depth=0.0, fillColor=array([1, 1, 1]), fillColorSpace='rgb', fillRGB=array([1, 1, 1]), interpolate=True, lineColor=array([1, 1, 1]), lineColorSpace='rgb', lineRGB=array([1, 1, 1]), lineWidth=1.0, name='polygon', opacity=1.0, ori=0.0, pos=array([0., 0.]), size=array([0.2, 0.2]), units='height', vertices=ndarray(...), win=Window(...), windingRule=None)
8.2547 	EXP 	Created polygon_2 = ShapeStim(__class__=<class 'psychopy.visual.shape.ShapeStim'>, anchor=('center', 'center'), autoDraw=False, autoLog=True, closeShape=True, color=method-wrapper(...), colorSpace='rgb', contrast=None, depth=-1.0, fillColor=array([ 0.3961, -0.7333, -0.7333]), fillColorSpace='rgb', fillRGB=array([ 0.3961, -0.7333, -0.7333]), interpolate=True, lineColor=array([ 0.3961, -0.7333, -0.7333]), lineColorSpace='rgb', lineRGB=array([ 0.3961, -0.7333, -0.7333]), lineWidth=1.0, name='polygon_2', opacity=1.0, ori=0.0, pos=array([0., 0.]), size=array([0.2, 0.2]), units='height', vertices=ndarray(...), win=Window(...), windingRule=None)
8.2776 	EXP 	Sound sound_1 set volume 1.000
8.3614 	EXP 	Created text = TextStim(__class__=<class 'psychopy.visual.text.TextStim'>, alignHoriz=method-wrapper(...), alignText='center', alignVert=method-wrapper(...), anchorHoriz='center', anchorVert='center', antialias=True, autoDraw=False, autoLog=True, bold=False, color=array([1, 1, 1]), colorSpace='rgb', contrast=1.0, depth=0.0, flipHoriz=False, flipVert=False, font='Open Sans', fontFiles=[], height=0.05000000000000001, italic=False, languageStyle='LTR', name='text', opacity=1.0, ori=0.0, pos=array([0. , 0.3]), rgb=UNKNOWN, text=str(...), units='height', win=Window(...), wrapWidth=1)
8.4379 	EXP 	window1: mouseVisible = True
8.4444 	EXP 	Imported Conditions_intentional_binding.xlsx as conditions, 12 conditions, 3 params
8.4453 	EXP 	Created sequence: random, trialTypes=12, nReps=5, seed=None
8.4457 	EXP 	New trial (rep=0, index=0): {'delay': 0.1, 'freq': 1000, 'condition': 'exp'}
8.4545 	EXP 	textbox: autoLog = True
8.4545 	EXP 	polygon: autoDraw = True
9.4454 	EXP 	polygon_2: autoDraw = True
9.4622 	EXP 	polygon: autoDraw = False
10.1143 	DATA 	Keypress: space
10.1293 	EXP 	polygon: autoDraw = False
10.1293 	EXP 	polygon_2: autoDraw = False
10.5325 	EXP 	text: autoDraw = True
10.5325 	EXP 	textbox: autoDraw = True
13.5127 	DATA 	Keypress: num_1
13.7251 	DATA 	Keypress: num_0
13.8914 	DATA 	Keypress: num_0
16.4597 	DATA 	Mouse: Left button down, pos=(679,139)
16.4736 	EXP 	New trial (rep=0, index=1): {'delay': 0.1, 'freq': 1000, 'condition': 'exp'}
16.4885 	EXP 	text: autoDraw = False
16.4885 	EXP 	textbox: autoDraw = False
16.4885 	EXP 	polygon: autoDraw = True
16.6902 	DATA 	Mouse:  Left button up, pos=(679,139)
17.4875 	EXP 	polygon_2: autoDraw = True
17.5042 	EXP 	polygon: autoDraw = False
19.8034 	DATA 	Keypress: space
19.8186 	EXP 	polygon: autoDraw = False
19.8186 	EXP 	polygon_2: autoDraw = False
20.2185 	EXP 	text: autoDraw = True
20.2185 	EXP 	textbox: autoDraw = True
24.2191 	DATA 	Keypress: num_2
24.3980 	DATA 	Keypress: num_5
24.6475 	DATA 	Keypress: num_0
25.8964 	DATA 	Mouse: Left button down, pos=(748,158)
25.8983 	EXP 	New trial (rep=0, index=2): {'delay': 0.4, 'freq': 1000, 'condition': 'exp'}
25.9132 	EXP 	text: autoDraw = False
25.9132 	EXP 	textbox: autoDraw = False
25.9132 	EXP 	polygon: autoDraw = True
26.1308 	DATA 	Mouse:  Left button up, pos=(748,158)
26.9118 	EXP 	polygon_2: autoDraw = True
26.9284 	EXP 	polygon: autoDraw = False
27.9792 	DATA 	Keypress: space
27.9939 	EXP 	polygon: autoDraw = False
27.9939 	EXP 	polygon_2: autoDraw = False
28.6941 	EXP 	text: autoDraw = True
28.6941 	EXP 	textbox: autoDraw = True
35.8205 	DATA 	Keypress: num_2
36.0699 	DATA 	Keypress: num_0
36.3195 	DATA 	Keypress: num_0
37.1021 	DATA 	Mouse: Left button down, pos=(748,158)
37.1033 	EXP 	New trial (rep=0, index=3): {'delay': 0.7, 'freq': 1000, 'condition': 'exp'}
37.1182 	EXP 	text: autoDraw = False
37.1182 	EXP 	textbox: autoDraw = False
37.1182 	EXP 	polygon: autoDraw = True
37.3198 	DATA 	Mouse:  Left button up, pos=(748,158)
38.1173 	EXP 	polygon_2: autoDraw = True
38.1340 	EXP 	polygon: autoDraw = False
39.1014 	DATA 	Keypress: space
39.1164 	EXP 	polygon: autoDraw = False
39.1164 	EXP 	polygon_2: autoDraw = False
40.1154 	EXP 	text: autoDraw = True
40.1154 	EXP 	textbox: autoDraw = True
43.1168 	DATA 	Keypress: num_5
43.6035 	DATA 	Keypress: num_0
43.8167 	DATA 	Keypress: num_0
44.6815 	DATA 	Mouse: Left button down, pos=(748,158)
44.6956 	EXP 	New trial (rep=0, index=4): {'delay': 0.1, 'freq': 400, 'condition': 'unexp'}
44.7109 	EXP 	text: autoDraw = False
44.7109 	EXP 	textbox: autoDraw = False
44.7109 	EXP 	polygon: autoDraw = True
44.8954 	DATA 	Mouse:  Left button up, pos=(748,158)
45.7103 	EXP 	polygon_2: autoDraw = True
45.7265 	EXP 	polygon: autoDraw = False
46.5779 	DATA 	Keypress: space
46.5922 	EXP 	polygon: autoDraw = False
46.5922 	EXP 	polygon_2: autoDraw = False
47.0088 	EXP 	text: autoDraw = True
47.0088 	EXP 	textbox: autoDraw = True
55.5508 	DATA 	Keypress: num_2
55.7340 	DATA 	Keypress: num_5
55.9836 	DATA 	Keypress: num_0
56.7164 	DATA 	Mouse: Left button down, pos=(748,158)
56.7177 	EXP 	New trial (rep=0, index=5): {'delay': 0.7, 'freq': 1000, 'condition': 'exp'}
56.7323 	EXP 	text: autoDraw = False
56.7323 	EXP 	textbox: autoDraw = False
56.7323 	EXP 	polygon: autoDraw = True
56.9346 	DATA 	Mouse:  Left button up, pos=(748,158)
57.7318 	EXP 	polygon: autoDraw = False
57.7318 	EXP 	polygon_2: autoDraw = True
58.6830 	DATA 	Keypress: space
58.6972 	EXP 	polygon: autoDraw = False
58.6972 	EXP 	polygon_2: autoDraw = False
59.6967 	EXP 	text: autoDraw = True
59.6967 	EXP 	textbox: autoDraw = True
61.2286 	DATA 	Keypress: num_6
61.6160 	DATA 	Keypress: num_0
61.8487 	DATA 	Keypress: num_0
62.5483 	DATA 	Mouse: Left button down, pos=(748,158)
62.5618 	EXP 	New trial (rep=0, index=6): {'delay': 0.4, 'freq': 1000, 'condition': 'exp'}
62.5767 	EXP 	text: autoDraw = False
62.5767 	EXP 	textbox: autoDraw = False
62.5767 	EXP 	polygon: autoDraw = True
62.7786 	DATA 	Mouse:  Left button up, pos=(748,158)
63.5759 	EXP 	polygon: autoDraw = False
63.5759 	EXP 	polygon_2: autoDraw = True
64.4270 	DATA 	Keypress: space
64.4416 	EXP 	polygon: autoDraw = False
64.4416 	EXP 	polygon_2: autoDraw = False
65.1410 	EXP 	text: autoDraw = True
65.1410 	EXP 	textbox: autoDraw = True
68.1051 	DATA 	Keypress: num_3
68.3262 	DATA 	Keypress: num_0
68.5212 	DATA 	Keypress: num_0
70.4411 	DATA 	Mouse: Left button down, pos=(748,158)
70.4541 	EXP 	New trial (rep=0, index=7): {'delay': 0.7, 'freq': 400, 'condition': 'unexp'}
70.4691 	EXP 	text: autoDraw = False
70.4691 	EXP 	textbox: autoDraw = False
70.4691 	EXP 	polygon: autoDraw = True
70.6546 	DATA 	Mouse:  Left button up, pos=(748,158)
71.4684 	EXP 	polygon: autoDraw = False
71.4684 	EXP 	polygon_2: autoDraw = True
72.1531 	DATA 	Keypress: space
72.1674 	EXP 	polygon: autoDraw = False
72.1674 	EXP 	polygon_2: autoDraw = False
73.1669 	EXP 	text: autoDraw = True
73.1669 	EXP 	textbox: autoDraw = True
76.0846 	DATA 	Keypress: num_5
76.2970 	DATA 	Keypress: num_0
76.5468 	DATA 	Keypress: num_0
77.1172 	DATA 	Mouse: Left button down, pos=(748,158)
77.1309 	EXP 	New trial (rep=0, index=8): {'delay': 0.4, 'freq': 1000, 'condition': 'exp'}
77.1458 	EXP 	text: autoDraw = False
77.1458 	EXP 	textbox: autoDraw = False
77.1458 	EXP 	polygon: autoDraw = True
77.3472 	DATA 	Mouse:  Left button up, pos=(748,158)
78.1450 	EXP 	polygon: autoDraw = False
78.1450 	EXP 	polygon_2: autoDraw = True
80.2790 	DATA 	Keypress: space
80.2928 	EXP 	polygon: autoDraw = False
80.2928 	EXP 	polygon_2: autoDraw = False
80.9925 	EXP 	text: autoDraw = True
80.9925 	EXP 	textbox: autoDraw = True
84.0771 	DATA 	Keypress: num_2
84.2892 	DATA 	Keypress: num_5
84.5560 	DATA 	Keypress: num_0
85.2762 	DATA 	Mouse: Left button down, pos=(748,158)
85.2895 	EXP 	New trial (rep=0, index=9): {'delay': 0.4, 'freq': 400, 'condition': 'unexp'}
85.3045 	EXP 	text: autoDraw = False
85.3045 	EXP 	textbox: autoDraw = False
85.3045 	EXP 	polygon: autoDraw = True
85.5061 	DATA 	Mouse:  Left button up, pos=(748,158)
86.3038 	EXP 	polygon: autoDraw = False
86.3038 	EXP 	polygon_2: autoDraw = True
87.0726 	DATA 	Keypress: space
87.0862 	EXP 	polygon: autoDraw = False
87.0862 	EXP 	polygon_2: autoDraw = False
87.7855 	EXP 	text: autoDraw = True
87.7855 	EXP 	textbox: autoDraw = True
90.7662 	DATA 	Keypress: num_2
90.9995 	DATA 	Keypress: num_0
91.1657 	DATA 	Keypress: num_0
92.9643 	DATA 	Mouse: Left button down, pos=(710,152)
92.9655 	EXP 	New trial (rep=0, index=10): {'delay': 0.7, 'freq': 1000, 'condition': 'exp'}
92.9804 	EXP 	text: autoDraw = False
92.9804 	EXP 	textbox: autoDraw = False
92.9804 	EXP 	polygon: autoDraw = True
93.1812 	DATA 	Mouse:  Left button up, pos=(710,152)
93.9793 	EXP 	polygon_2: autoDraw = True
93.9958 	EXP 	polygon: autoDraw = False
95.0968 	DATA 	Keypress: space
95.1114 	EXP 	polygon: autoDraw = False
95.1114 	EXP 	polygon_2: autoDraw = False
96.1106 	EXP 	text: autoDraw = True
96.1106 	EXP 	textbox: autoDraw = True
97.1598 	DATA 	Keypress: num_4
97.3767 	DATA 	Keypress: num_0
97.5428 	DATA 	Keypress: num_0
98.1590 	DATA 	Mouse: Left button down, pos=(710,152)
98.1603 	EXP 	New trial (rep=0, index=11): {'delay': 0.1, 'freq': 1000, 'condition': 'exp'}
98.1752 	EXP 	text: autoDraw = False
98.1752 	EXP 	textbox: autoDraw = False
98.1752 	EXP 	polygon: autoDraw = True
98.3768 	DATA 	Mouse:  Left button up, pos=(710,152)
99.1746 	EXP 	polygon: autoDraw = False
99.1746 	EXP 	polygon_2: autoDraw = True
101.4748 	DATA 	Keypress: space
101.4887 	EXP 	polygon: autoDraw = False
101.4887 	EXP 	polygon_2: autoDraw = False
101.8885 	EXP 	text: autoDraw = True
101.8885 	EXP 	textbox: autoDraw = True
103.4708 	DATA 	Keypress: num_2
103.6206 	DATA 	Keypress: num_5
103.8568 	DATA 	Keypress: num_0
104.7526 	DATA 	Mouse: Left button down, pos=(710,152)
104.7540 	EXP 	New trial (rep=1, index=0): {'delay': 0.4, 'freq': 400, 'condition': 'unexp'}
104.7688 	EXP 	text: autoDraw = False
104.7688 	EXP 	textbox: autoDraw = False
104.7688 	EXP 	polygon: autoDraw = True
104.9863 	DATA 	Mouse:  Left button up, pos=(710,152)
105.7677 	EXP 	polygon: autoDraw = False
105.7677 	EXP 	polygon_2: autoDraw = True
106.5361 	DATA 	Keypress: space
106.5503 	EXP 	polygon: autoDraw = False
106.5503 	EXP 	polygon_2: autoDraw = False
107.2498 	EXP 	text: autoDraw = True
107.2498 	EXP 	textbox: autoDraw = True
110.6634 	DATA 	Keypress: num_3
110.9798 	DATA 	Keypress: num_0
111.1795 	DATA 	Keypress: num_0
111.8292 	DATA 	Mouse: Left button down, pos=(710,152)
111.8305 	EXP 	New trial (rep=1, index=1): {'delay': 0.1, 'freq': 1000, 'condition': 'exp'}
111.8453 	EXP 	text: autoDraw = False
111.8453 	EXP 	textbox: autoDraw = False
111.8453 	EXP 	polygon: autoDraw = True
112.0473 	DATA 	Mouse:  Left button up, pos=(710,152)
112.8443 	EXP 	polygon: autoDraw = False
112.8443 	EXP 	polygon_2: autoDraw = True
114.4451 	DATA 	Keypress: space
114.4592 	EXP 	polygon: autoDraw = False
114.4592 	EXP 	polygon_2: autoDraw = False
114.8592 	EXP 	text: autoDraw = True
114.8592 	EXP 	textbox: autoDraw = True
119.5549 	DATA 	Keypress: num_1
119.9210 	DATA 	Keypress: num_0
120.1043 	DATA 	Keypress: num_0
123.2386 	DATA 	Mouse: Left button down, pos=(710,152)
123.2520 	EXP 	New trial (rep=1, index=2): {'delay': 0.7, 'freq': 400, 'condition': 'unexp'}
123.2673 	EXP 	text: autoDraw = False
123.2673 	EXP 	textbox: autoDraw = False
123.2673 	EXP 	polygon: autoDraw = True
123.4851 	DATA 	Mouse:  Left button up, pos=(710,152)
124.2662 	EXP 	polygon: autoDraw = False
124.2662 	EXP 	polygon_2: autoDraw = True
124.8683 	DATA 	Keypress: space
124.8825 	EXP 	polygon: autoDraw = False
124.8825 	EXP 	polygon_2: autoDraw = False
125.8817 	EXP 	text: autoDraw = True
125.8817 	EXP 	textbox: autoDraw = True
129.4329 	DATA 	Keypress: num_2
129.6948 	DATA 	Keypress: num_0
129.9279 	DATA 	Keypress: num_0
130.5107 	DATA 	Mouse: Left button down, pos=(710,152)
130.5120 	EXP 	New trial (rep=1, index=3): {'delay': 0.7, 'freq': 1000, 'condition': 'exp'}
130.5268 	EXP 	text: autoDraw = False
130.5268 	EXP 	textbox: autoDraw = False
130.5268 	EXP 	polygon: autoDraw = True
130.7287 	DATA 	Mouse:  Left button up, pos=(710,152)
131.5260 	EXP 	polygon: autoDraw = False
131.5260 	EXP 	polygon_2: autoDraw = True
132.6439 	DATA 	Keypress: space
132.6581 	EXP 	polygon: autoDraw = False
132.6581 	EXP 	polygon_2: autoDraw = False
133.6573 	EXP 	text: autoDraw = True
133.6573 	EXP 	textbox: autoDraw = True
136.4382 	DATA 	Keypress: num_2
136.6215 	DATA 	Keypress: num_5
136.8547 	DATA 	Keypress: num_0
137.5871 	DATA 	Mouse: Left button down, pos=(710,152)
137.5882 	EXP 	New trial (rep=1, index=4): {'delay': 0.1, 'freq': 400, 'condition': 'unexp'}
137.6033 	EXP 	text: autoDraw = False
137.6033 	EXP 	textbox: autoDraw = False
137.6033 	EXP 	polygon: autoDraw = True
137.8217 	DATA 	Mouse:  Left button up, pos=(710,152)
138.6023 	EXP 	polygon: autoDraw = False
138.6023 	EXP 	polygon_2: autoDraw = True
139.2704 	DATA 	Keypress: space
139.2849 	EXP 	polygon: autoDraw = False
139.2849 	EXP 	polygon_2: autoDraw = False
139.6847 	EXP 	text: autoDraw = True
139.6847 	EXP 	textbox: autoDraw = True
143.0856 	DATA 	Keypress: num_9
143.3820 	DATA 	Keypress: num_0
143.9478 	DATA 	Mouse: Left button down, pos=(710,152)
143.9490 	EXP 	New trial (rep=1, index=5): {'delay': 0.7, 'freq': 1000, 'condition': 'exp'}
143.9638 	EXP 	text: autoDraw = False
143.9638 	EXP 	textbox: autoDraw = False
143.9638 	EXP 	polygon: autoDraw = True
144.1815 	DATA 	Mouse:  Left button up, pos=(710,152)
144.9628 	EXP 	polygon: autoDraw = False
144.9628 	EXP 	polygon_2: autoDraw = True
145.7308 	DATA 	Keypress: space
145.7454 	EXP 	polygon: autoDraw = False
145.7454 	EXP 	polygon_2: autoDraw = False
146.7448 	EXP 	text: autoDraw = True
146.7448 	EXP 	textbox: autoDraw = True
148.5598 	DATA 	Keypress: num_1
149.0296 	DATA 	Keypress: num_0
149.1926 	DATA 	Keypress: num_0
149.7287 	DATA 	Mouse: Left button down, pos=(710,152)
149.7430 	EXP 	New trial (rep=1, index=6): {'delay': 0.4, 'freq': 1000, 'condition': 'exp'}
149.7580 	EXP 	text: autoDraw = False
149.7580 	EXP 	textbox: autoDraw = False
149.7580 	EXP 	polygon: autoDraw = True
149.9594 	DATA 	Mouse:  Left button up, pos=(710,152)
150.7572 	EXP 	polygon: autoDraw = False
150.7572 	EXP 	polygon_2: autoDraw = True
151.6086 	DATA 	Keypress: space
151.6230 	EXP 	polygon: autoDraw = False
151.6230 	EXP 	polygon_2: autoDraw = False
152.3223 	EXP 	text: autoDraw = True
152.3223 	EXP 	textbox: autoDraw = True
154.3080 	DATA 	Keypress: num_1
154.5912 	DATA 	Keypress: num_0
154.7705 	DATA 	Keypress: num_0
155.3698 	DATA 	Mouse: Left button down, pos=(710,152)
155.3710 	EXP 	New trial (rep=1, index=7): {'delay': 0.4, 'freq': 1000, 'condition': 'exp'}
155.3859 	EXP 	text: autoDraw = False
155.3859 	EXP 	textbox: autoDraw = False
155.3859 	EXP 	polygon: autoDraw = True
155.6037 	DATA 	Mouse:  Left button up, pos=(710,152)
156.0199 	DATA 	Keypress: space
156.3852 	EXP 	polygon: autoDraw = False
156.3852 	EXP 	polygon_2: autoDraw = True
157.1878 	DATA 	Keypress: space
157.2007 	EXP 	polygon: autoDraw = False
157.2007 	EXP 	polygon_2: autoDraw = False
157.9002 	EXP 	text: autoDraw = True
157.9002 	EXP 	textbox: autoDraw = True
159.0663 	DATA 	Keypress: num_2
159.2495 	DATA 	Keypress: num_5
159.5028 	DATA 	Keypress: num_0
160.0689 	DATA 	Mouse: Left button down, pos=(710,152)
160.0828 	EXP 	New trial (rep=1, index=8): {'delay': 0.1, 'freq': 1000, 'condition': 'exp'}
160.0979 	EXP 	text: autoDraw = False
160.0979 	EXP 	textbox: autoDraw = False
160.0979 	EXP 	polygon: autoDraw = True
160.2996 	DATA 	Mouse:  Left button up, pos=(710,152)
161.0969 	EXP 	polygon_2: autoDraw = True
161.1137 	EXP 	polygon: autoDraw = False
161.6505 	DATA 	Keypress: space
161.6631 	EXP 	polygon: autoDraw = False
161.6631 	EXP 	polygon_2: autoDraw = False
162.0631 	EXP 	text: autoDraw = True
162.0631 	EXP 	textbox: autoDraw = True
164.2278 	DATA 	Keypress: num_2
164.4109 	DATA 	Keypress: num_0
164.5811 	DATA 	Keypress: num_0
165.1469 	DATA 	Mouse: Left button down, pos=(710,152)
165.1612 	EXP 	New trial (rep=1, index=9): {'delay': 0.1, 'freq': 1000, 'condition': 'exp'}
165.1762 	EXP 	text: autoDraw = False
165.1762 	EXP 	textbox: autoDraw = False
165.1762 	EXP 	polygon: autoDraw = True
165.3609 	DATA 	Mouse:  Left button up, pos=(710,152)
166.1753 	EXP 	polygon: autoDraw = False
166.1753 	EXP 	polygon_2: autoDraw = True
167.3098 	DATA 	Keypress: space
167.3242 	EXP 	polygon: autoDraw = False
167.3242 	EXP 	polygon_2: autoDraw = False
167.7241 	EXP 	text: autoDraw = True
167.7241 	EXP 	textbox: autoDraw = True
169.3895 	DATA 	Keypress: num_2
169.5727 	DATA 	Keypress: num_5
169.7891 	DATA 	Keypress: num_0
170.3885 	DATA 	Mouse: Left button down, pos=(710,152)
170.3896 	EXP 	New trial (rep=1, index=10): {'delay': 0.7, 'freq': 1000, 'condition': 'exp'}
170.4046 	EXP 	text: autoDraw = False
170.4046 	EXP 	textbox: autoDraw = False
170.4046 	EXP 	polygon: autoDraw = True
170.6220 	DATA 	Mouse:  Left button up, pos=(710,152)
171.4035 	EXP 	polygon_2: autoDraw = True
171.4201 	EXP 	polygon: autoDraw = False
172.2054 	DATA 	Keypress: space
172.2193 	EXP 	polygon: autoDraw = False
172.2193 	EXP 	polygon_2: autoDraw = False
173.2187 	EXP 	text: autoDraw = True
173.2187 	EXP 	textbox: autoDraw = True
174.5013 	DATA 	Keypress: num_5
174.7673 	DATA 	Keypress: num_0
174.9172 	DATA 	Keypress: num_0
175.5542 	DATA 	Mouse: Left button down, pos=(710,152)
175.5676 	EXP 	New trial (rep=1, index=11): {'delay': 0.4, 'freq': 1000, 'condition': 'exp'}
175.5827 	EXP 	text: autoDraw = False
175.5827 	EXP 	textbox: autoDraw = False
175.5827 	EXP 	polygon: autoDraw = True
175.7838 	DATA 	Mouse:  Left button up, pos=(710,152)
176.5825 	EXP 	polygon: autoDraw = False
176.5825 	EXP 	polygon_2: autoDraw = True
176.9501 	DATA 	Keypress: space
176.9649 	EXP 	polygon: autoDraw = False
176.9649 	EXP 	polygon_2: autoDraw = False
177.6643 	EXP 	text: autoDraw = True
177.6643 	EXP 	textbox: autoDraw = True
178.6841 	DATA 	Keypress: num_2
178.8469 	DATA 	Keypress: num_5
179.0630 	DATA 	Keypress: num_0
179.5630 	DATA 	Mouse: Left button down, pos=(710,152)
179.5642 	EXP 	New trial (rep=2, index=0): {'delay': 0.4, 'freq': 1000, 'condition': 'exp'}
179.5791 	EXP 	text: autoDraw = False
179.5791 	EXP 	textbox: autoDraw = False
179.5791 	EXP 	polygon: autoDraw = True
179.7968 	DATA 	Mouse:  Left button up, pos=(710,152)
180.5780 	EXP 	polygon_2: autoDraw = True
180.5947 	EXP 	polygon: autoDraw = False
181.3465 	DATA 	Keypress: space
181.3604 	EXP 	polygon: autoDraw = False
181.3604 	EXP 	polygon_2: autoDraw = False
182.0599 	EXP 	text: autoDraw = True
182.0599 	EXP 	textbox: autoDraw = True
182.9595 	DATA 	Keypress: num_2
183.1264 	DATA 	Keypress: num_5
183.3292 	DATA 	Keypress: num_0
183.8587 	DATA 	Mouse: Left button down, pos=(710,152)
183.8599 	EXP 	New trial (rep=2, index=1): {'delay': 0.7, 'freq': 1000, 'condition': 'exp'}
183.8747 	EXP 	text: autoDraw = False
183.8747 	EXP 	textbox: autoDraw = False
183.8747 	EXP 	polygon: autoDraw = True
184.0760 	DATA 	Mouse:  Left button up, pos=(710,152)
184.8737 	EXP 	polygon: autoDraw = False
184.8737 	EXP 	polygon_2: autoDraw = True
186.6236 	DATA 	Keypress: space
186.6388 	EXP 	polygon: autoDraw = False
186.6388 	EXP 	polygon_2: autoDraw = False
187.6378 	EXP 	text: autoDraw = True
187.6378 	EXP 	textbox: autoDraw = True
188.7873 	DATA 	Keypress: num_4
189.0035 	DATA 	Keypress: num_0
189.1701 	DATA 	Keypress: num_0
189.6696 	DATA 	Mouse: Left button down, pos=(710,152)
189.6708 	EXP 	New trial (rep=2, index=2): {'delay': 0.7, 'freq': 1000, 'condition': 'exp'}
189.6857 	EXP 	text: autoDraw = False
189.6857 	EXP 	textbox: autoDraw = False
189.6857 	EXP 	polygon: autoDraw = True
189.8870 	DATA 	Mouse:  Left button up, pos=(710,152)
190.6847 	EXP 	polygon: autoDraw = False
190.6847 	EXP 	polygon_2: autoDraw = True
191.6192 	DATA 	Keypress: space
191.6337 	EXP 	polygon: autoDraw = False
191.6337 	EXP 	polygon_2: autoDraw = False
192.6330 	EXP 	text: autoDraw = True
192.6330 	EXP 	textbox: autoDraw = True
193.4989 	DATA 	Keypress: num_6
193.8027 	DATA 	Keypress: num_0
193.9822 	DATA 	Keypress: num_0
196.3174 	DATA 	Mouse: Left button down, pos=(680,175)
196.3306 	EXP 	New trial (rep=2, index=3): {'delay': 0.7, 'freq': 1000, 'condition': 'exp'}
196.3457 	EXP 	text: autoDraw = False
196.3457 	EXP 	textbox: autoDraw = False
196.3457 	EXP 	polygon: autoDraw = True
196.5468 	DATA 	Mouse:  Left button up, pos=(680,175)
197.3448 	EXP 	polygon: autoDraw = False
197.3448 	EXP 	polygon_2: autoDraw = True
197.9461 	DATA 	Keypress: space
197.9609 	EXP 	polygon: autoDraw = False
197.9609 	EXP 	polygon_2: autoDraw = False
198.9604 	EXP 	text: autoDraw = True
198.9604 	EXP 	textbox: autoDraw = True
199.9929 	DATA 	Keypress: num_2
200.1428 	DATA 	Keypress: num_5
200.3633 	DATA 	Keypress: num_0
200.9425 	DATA 	Mouse: Left button down, pos=(680,175)
200.9437 	EXP 	New trial (rep=2, index=4): {'delay': 0.4, 'freq': 1000, 'condition': 'exp'}
200.9581 	EXP 	text: autoDraw = False
200.9581 	EXP 	textbox: autoDraw = False
200.9581 	EXP 	polygon: autoDraw = True
201.1595 	DATA 	Mouse:  Left button up, pos=(680,175)
201.9576 	EXP 	polygon: autoDraw = False
201.9576 	EXP 	polygon_2: autoDraw = True
202.8415 	DATA 	Keypress: space
202.8727 	EXP 	polygon: autoDraw = False
202.8727 	EXP 	polygon_2: autoDraw = False
203.5722 	EXP 	text: autoDraw = True
203.5722 	EXP 	textbox: autoDraw = True
205.6204 	DATA 	Keypress: num_3
205.8869 	DATA 	Keypress: num_0
206.0370 	DATA 	Keypress: num_0
206.6198 	DATA 	Mouse: Left button down, pos=(680,175)
206.6210 	EXP 	New trial (rep=2, index=5): {'delay': 0.1, 'freq': 1000, 'condition': 'exp'}
206.6358 	EXP 	text: autoDraw = False
206.6358 	EXP 	textbox: autoDraw = False
206.6358 	EXP 	polygon: autoDraw = True
206.8536 	DATA 	Mouse:  Left button up, pos=(680,175)
207.6350 	EXP 	polygon: autoDraw = False
207.6350 	EXP 	polygon_2: autoDraw = True
208.5214 	DATA 	Keypress: space
208.5340 	EXP 	polygon: autoDraw = False
208.5340 	EXP 	polygon_2: autoDraw = False
208.9338 	EXP 	text: autoDraw = True
208.9338 	EXP 	textbox: autoDraw = True
210.9154 	DATA 	Keypress: num_1
211.1318 	DATA 	Keypress: num_2
211.3648 	DATA 	Keypress: num_0
215.3946 	DATA 	Mouse: Left button down, pos=(737,141)
215.3958 	EXP 	New trial (rep=2, index=6): {'delay': 0.7, 'freq': 400, 'condition': 'unexp'}
215.4105 	EXP 	text: autoDraw = False
215.4105 	EXP 	textbox: autoDraw = False
215.4105 	EXP 	polygon: autoDraw = True
215.5450 	DATA 	Mouse:  Left button up, pos=(737,141)
216.4097 	EXP 	polygon: autoDraw = False
216.4097 	EXP 	polygon_2: autoDraw = True
217.3613 	DATA 	Keypress: space
217.3750 	EXP 	polygon: autoDraw = False
217.3750 	EXP 	polygon_2: autoDraw = False
218.3746 	EXP 	text: autoDraw = True
218.3746 	EXP 	textbox: autoDraw = True
220.5726 	DATA 	Keypress: num_3
220.8058 	DATA 	Keypress: num_0
220.9597 	DATA 	Keypress: num_0
221.4591 	DATA 	Mouse: Left button down, pos=(728,189)
221.4727 	EXP 	New trial (rep=2, index=7): {'delay': 0.1, 'freq': 1000, 'condition': 'exp'}
221.4879 	EXP 	text: autoDraw = False
221.4879 	EXP 	textbox: autoDraw = False
221.4879 	EXP 	polygon: autoDraw = True
221.6897 	DATA 	Mouse:  Left button up, pos=(728,189)
222.4869 	EXP 	polygon: autoDraw = False
222.4869 	EXP 	polygon_2: autoDraw = True
223.4214 	DATA 	Keypress: space
223.4359 	EXP 	polygon: autoDraw = False
223.4359 	EXP 	polygon_2: autoDraw = False
223.8362 	EXP 	text: autoDraw = True
223.8362 	EXP 	textbox: autoDraw = True
225.2016 	DATA 	Keypress: num_2
225.4013 	DATA 	Keypress: num_5
225.6178 	DATA 	Keypress: num_0
226.7370 	DATA 	Mouse: Left button down, pos=(696,160)
226.7509 	EXP 	New trial (rep=2, index=8): {'delay': 0.1, 'freq': 400, 'condition': 'unexp'}
226.7660 	EXP 	text: autoDraw = False
226.7660 	EXP 	textbox: autoDraw = False
226.7660 	EXP 	polygon: autoDraw = True
226.9672 	DATA 	Mouse:  Left button up, pos=(696,160)
227.7653 	EXP 	polygon: autoDraw = False
227.7653 	EXP 	polygon_2: autoDraw = True
228.3510 	DATA 	Keypress: space
228.3646 	EXP 	polygon: autoDraw = False
228.3646 	EXP 	polygon_2: autoDraw = False
228.7643 	EXP 	text: autoDraw = True
228.7643 	EXP 	textbox: autoDraw = True
232.1154 	DATA 	Keypress: num_2
232.3480 	DATA 	Keypress: num_0
232.5315 	DATA 	Keypress: num_0
233.1771 	DATA 	Mouse: Left button down, pos=(696,160)
233.1783 	EXP 	New trial (rep=2, index=9): {'delay': 0.1, 'freq': 1000, 'condition': 'exp'}
233.1934 	EXP 	text: autoDraw = False
233.1934 	EXP 	textbox: autoDraw = False
233.1934 	EXP 	polygon: autoDraw = True
233.3957 	DATA 	Mouse:  Left button up, pos=(696,160)
234.1922 	EXP 	polygon_2: autoDraw = True
234.2089 	EXP 	polygon: autoDraw = False
234.9939 	DATA 	Keypress: space
235.0080 	EXP 	polygon: autoDraw = False
235.0080 	EXP 	polygon_2: autoDraw = False
235.4079 	EXP 	text: autoDraw = True
235.4079 	EXP 	textbox: autoDraw = True
236.6074 	DATA 	Keypress: num_2
236.7933 	DATA 	Keypress: num_5
237.0068 	DATA 	Keypress: num_0
237.5097 	DATA 	Mouse: Left button down, pos=(696,160)
237.5236 	EXP 	New trial (rep=2, index=10): {'delay': 0.4, 'freq': 1000, 'condition': 'exp'}
237.5387 	EXP 	text: autoDraw = False
237.5387 	EXP 	textbox: autoDraw = False
237.5387 	EXP 	polygon: autoDraw = True
237.7403 	DATA 	Mouse:  Left button up, pos=(696,160)
238.3734 	DATA 	Keypress: space
238.5379 	EXP 	polygon: autoDraw = False
238.5379 	EXP 	polygon_2: autoDraw = True
239.0736 	DATA 	Keypress: space
239.0873 	EXP 	polygon: autoDraw = False
239.0873 	EXP 	polygon_2: autoDraw = False
239.7869 	EXP 	text: autoDraw = True
239.7869 	EXP 	textbox: autoDraw = True
240.7734 	DATA 	Keypress: num_2
240.9692 	DATA 	Keypress: num_5
241.1858 	DATA 	Keypress: num_0
241.7850 	DATA 	Mouse: Left button down, pos=(696,160)
241.7862 	EXP 	New trial (rep=2, index=11): {'delay': 0.4, 'freq': 400, 'condition': 'unexp'}
241.8013 	EXP 	text: autoDraw = False
241.8013 	EXP 	textbox: autoDraw = False
241.8013 	EXP 	polygon: autoDraw = True
242.0195 	DATA 	Mouse:  Left button up, pos=(696,160)
242.8004 	EXP 	polygon: autoDraw = False
242.8004 	EXP 	polygon_2: autoDraw = True
243.1857 	DATA 	Keypress: space
243.2000 	EXP 	polygon: autoDraw = False
243.2000 	EXP 	polygon_2: autoDraw = False
243.8998 	EXP 	text: autoDraw = True
243.8998 	EXP 	textbox: autoDraw = True
245.3649 	DATA 	Keypress: num_3
245.5820 	DATA 	Keypress: num_0
245.7647 	DATA 	Keypress: num_0
246.3015 	DATA 	Mouse: Left button down, pos=(696,160)
246.3151 	EXP 	New trial (rep=3, index=0): {'delay': 0.4, 'freq': 400, 'condition': 'unexp'}
246.3304 	EXP 	text: autoDraw = False
246.3304 	EXP 	textbox: autoDraw = False
246.3304 	EXP 	polygon: autoDraw = True
246.5316 	DATA 	Mouse:  Left button up, pos=(696,160)
247.3294 	EXP 	polygon_2: autoDraw = True
247.3459 	EXP 	polygon: autoDraw = False
249.1797 	DATA 	Keypress: space
249.1942 	EXP 	polygon: autoDraw = False
249.1942 	EXP 	polygon_2: autoDraw = False
249.8936 	EXP 	text: autoDraw = True
249.8936 	EXP 	textbox: autoDraw = True
250.6935 	DATA 	Keypress: num_4
250.9097 	DATA 	Keypress: num_0
251.0596 	DATA 	Keypress: num_0
251.5296 	DATA 	Mouse: Left button down, pos=(696,160)
251.5434 	EXP 	New trial (rep=3, index=1): {'delay': 0.1, 'freq': 1000, 'condition': 'exp'}
251.5585 	EXP 	text: autoDraw = False
251.5585 	EXP 	textbox: autoDraw = False
251.5585 	EXP 	polygon: autoDraw = True
251.7596 	DATA 	Mouse:  Left button up, pos=(696,160)
252.5578 	EXP 	polygon_2: autoDraw = True
252.5742 	EXP 	polygon: autoDraw = False
253.0264 	DATA 	Keypress: space
253.0403 	EXP 	polygon: autoDraw = False
253.0403 	EXP 	polygon_2: autoDraw = False
253.4403 	EXP 	text: autoDraw = True
253.4403 	EXP 	textbox: autoDraw = True
254.5766 	DATA 	Keypress: num_2
254.7724 	DATA 	Keypress: num_5
254.9598 	DATA 	Keypress: num_0
257.9030 	DATA 	Mouse: Left button down, pos=(686,159)
257.9042 	EXP 	New trial (rep=3, index=2): {'delay': 0.1, 'freq': 400, 'condition': 'unexp'}
257.9189 	EXP 	text: autoDraw = False
257.9189 	EXP 	textbox: autoDraw = False
257.9189 	EXP 	polygon: autoDraw = True
258.1378 	DATA 	Mouse:  Left button up, pos=(686,159)
258.9181 	EXP 	polygon: autoDraw = False
258.9181 	EXP 	polygon_2: autoDraw = True
259.3867 	DATA 	Keypress: space
259.4006 	EXP 	polygon: autoDraw = False
259.4006 	EXP 	polygon_2: autoDraw = False
259.8006 	EXP 	text: autoDraw = True
259.8006 	EXP 	textbox: autoDraw = True
261.0165 	DATA 	Keypress: num_2
261.2161 	DATA 	Keypress: num_5
261.4163 	DATA 	Keypress: num_0
262.0822 	DATA 	Mouse: Left button down, pos=(686,159)
262.0833 	EXP 	New trial (rep=3, index=3): {'delay': 0.4, 'freq': 1000, 'condition': 'exp'}
262.0983 	EXP 	text: autoDraw = False
262.0983 	EXP 	textbox: autoDraw = False
262.0983 	EXP 	polygon: autoDraw = True
262.2992 	DATA 	Mouse:  Left button up, pos=(686,159)
263.0972 	EXP 	polygon_2: autoDraw = True
263.1137 	EXP 	polygon: autoDraw = False
265.3143 	DATA 	Keypress: space
265.3282 	EXP 	polygon: autoDraw = False
265.3282 	EXP 	polygon_2: autoDraw = False
266.0282 	EXP 	text: autoDraw = True
266.0282 	EXP 	textbox: autoDraw = True
267.1312 	DATA 	Keypress: num_4
267.3808 	DATA 	Keypress: num_0
267.5305 	DATA 	Keypress: num_0
268.1093 	DATA 	Mouse: Left button down, pos=(686,159)
268.1107 	EXP 	New trial (rep=3, index=4): {'delay': 0.1, 'freq': 1000, 'condition': 'exp'}
268.1256 	EXP 	text: autoDraw = False
268.1256 	EXP 	textbox: autoDraw = False
268.1256 	EXP 	polygon: autoDraw = True
268.3441 	DATA 	Mouse:  Left button up, pos=(686,159)
269.1247 	EXP 	polygon_2: autoDraw = True
269.1413 	EXP 	polygon: autoDraw = False
269.6096 	DATA 	Keypress: space
269.6243 	EXP 	polygon: autoDraw = False
269.6243 	EXP 	polygon_2: autoDraw = False
270.0244 	EXP 	text: autoDraw = True
270.0244 	EXP 	textbox: autoDraw = True
271.9057 	DATA 	Keypress: num_1
272.0764 	DATA 	Keypress: num_2
272.2932 	DATA 	Keypress: num_0
273.0714 	DATA 	Mouse: Left button down, pos=(686,159)
273.0727 	EXP 	New trial (rep=3, index=5): {'delay': 0.7, 'freq': 1000, 'condition': 'exp'}
273.0875 	EXP 	text: autoDraw = False
273.0875 	EXP 	textbox: autoDraw = False
273.0875 	EXP 	polygon: autoDraw = True
273.3051 	DATA 	Mouse:  Left button up, pos=(686,159)
274.0865 	EXP 	polygon_2: autoDraw = True
274.1031 	EXP 	polygon: autoDraw = False
275.0379 	DATA 	Keypress: space
275.0522 	EXP 	polygon: autoDraw = False
275.0522 	EXP 	polygon_2: autoDraw = False
276.0525 	EXP 	text: autoDraw = True
276.0525 	EXP 	textbox: autoDraw = True
276.7512 	DATA 	Keypress: num_4
277.0008 	DATA 	Keypress: num_0
277.1507 	DATA 	Keypress: num_0
277.7336 	DATA 	Mouse: Left button down, pos=(686,159)
277.7348 	EXP 	New trial (rep=3, index=6): {'delay': 0.4, 'freq': 1000, 'condition': 'exp'}
277.7495 	EXP 	text: autoDraw = False
277.7495 	EXP 	textbox: autoDraw = False
277.7495 	EXP 	polygon: autoDraw = True
277.9510 	DATA 	Mouse:  Left button up, pos=(686,159)
278.7487 	EXP 	polygon_2: autoDraw = True
278.7652 	EXP 	polygon: autoDraw = False
279.8491 	DATA 	Keypress: space
279.8640 	EXP 	polygon: autoDraw = False
279.8640 	EXP 	polygon_2: autoDraw = False
280.5638 	EXP 	text: autoDraw = True
280.5638 	EXP 	textbox: autoDraw = True
282.4455 	DATA 	Keypress: num_4
282.6951 	DATA 	Keypress: num_0
282.8451 	DATA 	Keypress: num_0
283.6122 	DATA 	Mouse: Left button down, pos=(686,159)
283.6138 	EXP 	New trial (rep=3, index=7): {'delay': 0.7, 'freq': 1000, 'condition': 'exp'}
283.6270 	EXP 	text: autoDraw = False
283.6270 	EXP 	textbox: autoDraw = False
283.6270 	EXP 	polygon: autoDraw = True
283.8280 	DATA 	Mouse:  Left button up, pos=(686,159)
284.6261 	EXP 	polygon: autoDraw = False
284.6261 	EXP 	polygon_2: autoDraw = True
285.2779 	DATA 	Keypress: space
285.2921 	EXP 	polygon: autoDraw = False
285.2921 	EXP 	polygon_2: autoDraw = False
286.2914 	EXP 	text: autoDraw = True
286.2914 	EXP 	textbox: autoDraw = True
287.1121 	DATA 	Keypress: num_6
287.3406 	DATA 	Keypress: num_0
287.4941 	DATA 	Keypress: num_0
288.0566 	DATA 	Mouse: Left button down, pos=(686,159)
288.0578 	EXP 	New trial (rep=3, index=8): {'delay': 0.1, 'freq': 1000, 'condition': 'exp'}
288.0728 	EXP 	text: autoDraw = False
288.0728 	EXP 	textbox: autoDraw = False
288.0728 	EXP 	polygon: autoDraw = True
288.2737 	DATA 	Mouse:  Left button up, pos=(686,159)
289.0717 	EXP 	polygon: autoDraw = False
289.0717 	EXP 	polygon_2: autoDraw = True
289.4234 	DATA 	Keypress: space
289.4382 	EXP 	polygon: autoDraw = False
289.4382 	EXP 	polygon_2: autoDraw = False
289.8378 	EXP 	text: autoDraw = True
289.8378 	EXP 	textbox: autoDraw = True
290.8704 	DATA 	Keypress: num_2
291.9235 	DATA 	Keypress: backspace
292.3898 	DATA 	Keypress: num_1
292.6021 	DATA 	Keypress: num_0
292.7686 	DATA 	Keypress: num_0
293.8346 	DATA 	Mouse: Left button down, pos=(713,148)
293.8357 	EXP 	New trial (rep=3, index=9): {'delay': 0.7, 'freq': 400, 'condition': 'unexp'}
293.8505 	EXP 	text: autoDraw = False
293.8505 	EXP 	textbox: autoDraw = False
293.8505 	EXP 	polygon: autoDraw = True
294.0691 	DATA 	Mouse:  Left button up, pos=(713,148)
294.8496 	EXP 	polygon_2: autoDraw = True
294.8662 	EXP 	polygon: autoDraw = False
295.2511 	DATA 	Keypress: space
295.2823 	EXP 	polygon: autoDraw = False
295.2823 	EXP 	polygon_2: autoDraw = False
296.2817 	EXP 	text: autoDraw = True
296.2817 	EXP 	textbox: autoDraw = True
300.2781 	DATA 	Keypress: num_6
300.5444 	DATA 	Keypress: num_5
300.7977 	DATA 	Keypress: num_0
301.9598 	DATA 	Mouse: Left button down, pos=(713,148)
301.9610 	EXP 	New trial (rep=3, index=10): {'delay': 0.4, 'freq': 1000, 'condition': 'exp'}
301.9758 	EXP 	text: autoDraw = False
301.9758 	EXP 	textbox: autoDraw = False
301.9758 	EXP 	polygon: autoDraw = True
302.1772 	DATA 	Mouse:  Left button up, pos=(713,148)
302.9750 	EXP 	polygon: autoDraw = False
302.9750 	EXP 	polygon_2: autoDraw = True
303.6101 	DATA 	Keypress: space
303.6242 	EXP 	polygon: autoDraw = False
303.6242 	EXP 	polygon_2: autoDraw = False
304.3238 	EXP 	text: autoDraw = True
304.3238 	EXP 	textbox: autoDraw = True
306.3220 	DATA 	Keypress: num_2
306.4886 	DATA 	Keypress: num_5
306.7050 	DATA 	Keypress: num_0
307.3093 	DATA 	Mouse: Left button down, pos=(713,148)
307.3222 	EXP 	New trial (rep=3, index=11): {'delay': 0.7, 'freq': 1000, 'condition': 'exp'}
307.3373 	EXP 	text: autoDraw = False
307.3373 	EXP 	textbox: autoDraw = False
307.3373 	EXP 	polygon: autoDraw = True
307.5426 	DATA 	Mouse:  Left button up, pos=(713,148)
308.3362 	EXP 	polygon: autoDraw = False
308.3362 	EXP 	polygon_2: autoDraw = True
309.5212 	DATA 	Keypress: space
309.5351 	EXP 	polygon: autoDraw = False
309.5351 	EXP 	polygon_2: autoDraw = False
310.5343 	EXP 	text: autoDraw = True
310.5343 	EXP 	textbox: autoDraw = True
311.3880 	DATA 	Keypress: num_2
311.5503 	DATA 	Keypress: num_5
311.7669 	DATA 	Keypress: num_0
315.5633 	DATA 	Mouse: Left button down, pos=(684,155)
315.5645 	EXP 	New trial (rep=4, index=0): {'delay': 0.1, 'freq': 1000, 'condition': 'exp'}
315.5792 	EXP 	text: autoDraw = False
315.5792 	EXP 	textbox: autoDraw = False
315.5792 	EXP 	polygon: autoDraw = True
315.7966 	DATA 	Mouse:  Left button up, pos=(684,155)
316.5784 	EXP 	polygon: autoDraw = False
316.5784 	EXP 	polygon_2: autoDraw = True
317.3794 	DATA 	Keypress: space
317.3942 	EXP 	polygon: autoDraw = False
317.3942 	EXP 	polygon_2: autoDraw = False
317.7939 	EXP 	text: autoDraw = True
317.7939 	EXP 	textbox: autoDraw = True
320.0595 	DATA 	Keypress: num_1
320.2586 	DATA 	Keypress: num_0
320.4123 	DATA 	Keypress: num_0
320.9782 	DATA 	Mouse: Left button down, pos=(684,155)
320.9919 	EXP 	New trial (rep=4, index=1): {'delay': 0.7, 'freq': 1000, 'condition': 'exp'}
321.0072 	EXP 	text: autoDraw = False
321.0072 	EXP 	textbox: autoDraw = False
321.0072 	EXP 	polygon: autoDraw = True
321.2087 	DATA 	Mouse:  Left button up, pos=(684,155)
322.0063 	EXP 	polygon: autoDraw = False
322.0063 	EXP 	polygon_2: autoDraw = True
322.5586 	DATA 	Keypress: space
322.5724 	EXP 	polygon: autoDraw = False
322.5724 	EXP 	polygon_2: autoDraw = False
323.5717 	EXP 	text: autoDraw = True
323.5717 	EXP 	textbox: autoDraw = True
324.4045 	DATA 	Keypress: num_1
324.5922 	DATA 	Keypress: num_0
324.7376 	DATA 	Keypress: num_0
325.2575 	DATA 	Mouse: Left button down, pos=(684,155)
325.2711 	EXP 	New trial (rep=4, index=2): {'delay': 0.4, 'freq': 1000, 'condition': 'exp'}
325.2863 	EXP 	text: autoDraw = False
325.2863 	EXP 	textbox: autoDraw = False
325.2863 	EXP 	polygon: autoDraw = True
325.4708 	DATA 	Mouse:  Left button up, pos=(684,155)
326.2854 	EXP 	polygon: autoDraw = False
326.2854 	EXP 	polygon_2: autoDraw = True
327.0199 	DATA 	Keypress: space
327.0345 	EXP 	polygon: autoDraw = False
327.0345 	EXP 	polygon_2: autoDraw = False
327.7343 	EXP 	text: autoDraw = True
327.7343 	EXP 	textbox: autoDraw = True
328.8670 	DATA 	Keypress: num_2
329.0704 	DATA 	Keypress: num_5
329.2829 	DATA 	Keypress: num_0
330.1026 	DATA 	Mouse: Left button down, pos=(684,155)
330.1164 	EXP 	New trial (rep=4, index=3): {'delay': 0.1, 'freq': 400, 'condition': 'unexp'}
330.1315 	EXP 	text: autoDraw = False
330.1315 	EXP 	textbox: autoDraw = False
330.1315 	EXP 	polygon: autoDraw = True
330.3165 	DATA 	Mouse:  Left button up, pos=(684,155)
331.1305 	EXP 	polygon: autoDraw = False
331.1305 	EXP 	polygon_2: autoDraw = True
331.6993 	DATA 	Keypress: space
331.7133 	EXP 	polygon: autoDraw = False
331.7133 	EXP 	polygon_2: autoDraw = False
332.1131 	EXP 	text: autoDraw = True
332.1131 	EXP 	textbox: autoDraw = True
332.9664 	DATA 	Keypress: num_1
333.1790 	DATA 	Keypress: num_0
333.3458 	DATA 	Keypress: num_0
333.8953 	DATA 	Mouse: Left button down, pos=(684,155)
333.8965 	EXP 	New trial (rep=4, index=4): {'delay': 0.7, 'freq': 1000, 'condition': 'exp'}
333.9113 	EXP 	text: autoDraw = False
333.9113 	EXP 	textbox: autoDraw = False
333.9113 	EXP 	polygon: autoDraw = True
334.1294 	DATA 	Mouse:  Left button up, pos=(684,155)
334.9104 	EXP 	polygon: autoDraw = False
334.9104 	EXP 	polygon_2: autoDraw = True
335.6118 	DATA 	Keypress: space
335.6262 	EXP 	polygon: autoDraw = False
335.6262 	EXP 	polygon_2: autoDraw = False
336.6256 	EXP 	text: autoDraw = True
336.6256 	EXP 	textbox: autoDraw = True
338.2410 	DATA 	Keypress: num_4
338.4906 	DATA 	Keypress: num_0
338.6573 	DATA 	Keypress: num_0
339.1939 	DATA 	Mouse: Left button down, pos=(684,155)
339.2076 	EXP 	New trial (rep=4, index=5): {'delay': 0.7, 'freq': 400, 'condition': 'unexp'}
339.2230 	EXP 	text: autoDraw = False
339.2230 	EXP 	textbox: autoDraw = False
339.2230 	EXP 	polygon: autoDraw = True
339.4235 	DATA 	Mouse:  Left button up, pos=(684,155)
340.2218 	EXP 	polygon_2: autoDraw = True
340.2385 	EXP 	polygon: autoDraw = False
340.7739 	DATA 	Keypress: space
340.7877 	EXP 	polygon: autoDraw = False
340.7877 	EXP 	polygon_2: autoDraw = False
341.7869 	EXP 	text: autoDraw = True
341.7869 	EXP 	textbox: autoDraw = True
342.6698 	DATA 	Keypress: num_5
342.9693 	DATA 	Keypress: num_0
343.1862 	DATA 	Keypress: num_0
343.7230 	DATA 	Mouse: Left button down, pos=(684,155)
343.7379 	EXP 	New trial (rep=4, index=6): {'delay': 0.7, 'freq': 1000, 'condition': 'exp'}
343.7521 	EXP 	text: autoDraw = False
343.7521 	EXP 	textbox: autoDraw = False
343.7521 	EXP 	polygon: autoDraw = True
343.9358 	DATA 	Mouse:  Left button up, pos=(684,155)
344.7511 	EXP 	polygon_2: autoDraw = True
344.7676 	EXP 	polygon: autoDraw = False
345.1199 	DATA 	Keypress: space
345.1336 	EXP 	polygon: autoDraw = False
345.1336 	EXP 	polygon_2: autoDraw = False
346.1332 	EXP 	text: autoDraw = True
346.1332 	EXP 	textbox: autoDraw = True
347.1490 	DATA 	Keypress: num_2
347.3153 	DATA 	Keypress: num_2
347.5651 	DATA 	Keypress: num_5
349.0515 	DATA 	Mouse: Left button down, pos=(704,131)
349.0661 	EXP 	New trial (rep=4, index=7): {'delay': 0.4, 'freq': 400, 'condition': 'unexp'}
349.0798 	EXP 	text: autoDraw = False
349.0798 	EXP 	textbox: autoDraw = False
349.0798 	EXP 	polygon: autoDraw = True
349.2820 	DATA 	Mouse:  Left button up, pos=(704,131)
350.0787 	EXP 	polygon: autoDraw = False
350.0787 	EXP 	polygon_2: autoDraw = True
350.6144 	DATA 	Keypress: space
350.6281 	EXP 	polygon: autoDraw = False
350.6281 	EXP 	polygon_2: autoDraw = False
351.3276 	EXP 	text: autoDraw = True
351.3276 	EXP 	textbox: autoDraw = True
354.7748 	DATA 	Keypress: num_2
355.0414 	DATA 	Keypress: num_5
355.2782 	DATA 	Keypress: num_0
355.7906 	DATA 	Mouse: Left button down, pos=(704,131)
355.7922 	EXP 	New trial (rep=4, index=8): {'delay': 0.1, 'freq': 1000, 'condition': 'exp'}
355.8064 	EXP 	text: autoDraw = False
355.8064 	EXP 	textbox: autoDraw = False
355.8064 	EXP 	polygon: autoDraw = True
356.0241 	DATA 	Mouse:  Left button up, pos=(704,131)
356.8056 	EXP 	polygon: autoDraw = False
356.8056 	EXP 	polygon_2: autoDraw = True
357.2246 	DATA 	Keypress: space
357.2388 	EXP 	polygon: autoDraw = False
357.2388 	EXP 	polygon_2: autoDraw = False
357.6382 	EXP 	text: autoDraw = True
357.6382 	EXP 	textbox: autoDraw = True
360.4190 	DATA 	Keypress: num_2
360.6023 	DATA 	Keypress: num_5
360.8187 	DATA 	Keypress: num_0
361.4388 	DATA 	Mouse: Left button down, pos=(704,131)
361.4523 	EXP 	New trial (rep=4, index=9): {'delay': 0.1, 'freq': 1000, 'condition': 'exp'}
361.4675 	EXP 	text: autoDraw = False
361.4675 	EXP 	textbox: autoDraw = False
361.4675 	EXP 	polygon: autoDraw = True
361.6696 	DATA 	Mouse:  Left button up, pos=(704,131)
362.4667 	EXP 	polygon: autoDraw = False
362.4667 	EXP 	polygon_2: autoDraw = True
362.9356 	DATA 	Keypress: space
362.9495 	EXP 	polygon: autoDraw = False
362.9495 	EXP 	polygon_2: autoDraw = False
363.3494 	EXP 	text: autoDraw = True
363.3494 	EXP 	textbox: autoDraw = True
364.0037 	DATA 	Keypress: num_2
364.1656 	DATA 	Keypress: num_5
364.3652 	DATA 	Keypress: num_0
365.2642 	DATA 	Mouse: Left button down, pos=(704,131)
365.2654 	EXP 	New trial (rep=4, index=10): {'delay': 0.4, 'freq': 1000, 'condition': 'exp'}
365.2806 	EXP 	text: autoDraw = False
365.2806 	EXP 	textbox: autoDraw = False
365.2806 	EXP 	polygon: autoDraw = True
365.4984 	DATA 	Mouse:  Left button up, pos=(704,131)
366.2799 	EXP 	polygon: autoDraw = False
366.2799 	EXP 	polygon_2: autoDraw = True
367.1646 	DATA 	Keypress: space
367.1786 	EXP 	polygon: autoDraw = False
367.1786 	EXP 	polygon_2: autoDraw = False
367.8782 	EXP 	text: autoDraw = True
367.8782 	EXP 	textbox: autoDraw = True
368.1487 	DATA 	Keypress: num_2
368.3450 	DATA 	Keypress: num_5
368.5779 	DATA 	Keypress: num_0
369.2481 	DATA 	Mouse: Left button down, pos=(704,131)
369.2614 	EXP 	New trial (rep=4, index=11): {'delay': 0.4, 'freq': 1000, 'condition': 'exp'}
369.2768 	EXP 	text: autoDraw = False
369.2768 	EXP 	textbox: autoDraw = False
369.2768 	EXP 	polygon: autoDraw = True
369.4777 	DATA 	Mouse:  Left button up, pos=(704,131)
370.2760 	EXP 	polygon_2: autoDraw = True
370.2923 	EXP 	polygon: autoDraw = False
371.0441 	DATA 	Keypress: space
371.0583 	EXP 	polygon: autoDraw = False
371.0583 	EXP 	polygon_2: autoDraw = False
371.7577 	EXP 	text: autoDraw = True
371.7577 	EXP 	textbox: autoDraw = True
372.6739 	DATA 	Keypress: num_1
372.8904 	DATA 	Keypress: num_0
373.0235 	DATA 	Keypress: num_0
373.5230 	DATA 	Mouse: Left button down, pos=(704,131)
373.5390 	EXP 	text: autoDraw = False
373.5390 	EXP 	textbox: autoDraw = False
373.7342 	EXP 	window1: mouseVisible = True
